{"name": "test_products_group", "status": "skipped", "statusDetails": {"message": "XFAIL Wait for fix bug\n\nselenium.common.exceptions.ElementClickInterceptedException: Message: element click intercepted: Element <a href=\"https://testqastudio.me?products_group=sale\" class=\"tab-sale \">...</a> is not clickable at point (1660, 748). Other element would receive the click: <div class=\"catalog-toolbar-tabs__content\">...</div>\n  (Session info: chrome=124.0.6367.207)\nStacktrace:\n\tGetHandleVerifier [0x00007FF68C671522+60802]\n\t(No symbol) [0x00007FF68C5EAC22]\n\t(No symbol) [0x00007FF68C4A7CE4]\n\t(No symbol) [0x00007FF68C4FE877]\n\t(No symbol) [0x00007FF68C4FC344]\n\t(No symbol) [0x00007FF68C4F980A]\n\t(No symbol) [0x00007FF68C4F89E2]\n\t(No symbol) [0x00007FF68C4EAE8B]\n\t(No symbol) [0x00007FF68C51AB7A]\n\t(No symbol) [0x00007FF68C4EA7C6]\n\t(No symbol) [0x00007FF68C51AD90]\n\t(No symbol) [0x00007FF68C53A224]\n\t(No symbol) [0x00007FF68C51A923]\n\t(No symbol) [0x00007FF68C4E8FEC]\n\t(No symbol) [0x00007FF68C4E9C21]\n\tGetHandleVerifier [0x00007FF68C9741BD+3217949]\n\tGetHandleVerifier [0x00007FF68C9B6157+3488183]\n\tGetHandleVerifier [0x00007FF68C9AF0DF+3459391]\n\tGetHandleVerifier [0x00007FF68C72B8E6+823622]\n\t(No symbol) [0x00007FF68C5F5FBF]\n\t(No symbol) [0x00007FF68C5F0EE4]\n\t(No symbol) [0x00007FF68C5F1072]\n\t(No symbol) [0x00007FF68C5E18C4]\n\tBaseThreadInitThunk [0x00007FFAC67C257D+29]\n\tRtlUserThreadStart [0x00007FFAC6BCAA48+40]", "trace": "tests\\test_shop.py:48: in test_products_group\n    element.click()\n        browser    = <selenium.webdriver.chrome.webdriver.WebDriver (session=\"af3b1f55c992cbebf796fd0d732ea9d1\")>\n        element    = <selenium.webdriver.remote.webelement.WebElement (session=\"af3b1f55c992cbebf796fd0d732ea9d1\", element=\"f.A37FE6621EC555D26066C3453934A796.d.0F00AC18D9D92BDBCD42DB7B83E04E98.e.173\")>\n        elements   = [<selenium.webdriver.remote.webelement.WebElement (session=\"af3b1f55c992cbebf796fd0d732ea9d1\", element=\"f.A37FE6621EC5...b1f55c992cbebf796fd0d732ea9d1\", element=\"f.A37FE6621EC555D26066C3453934A796.d.1413AC97CD072329EB787B05B2075287.e.95\")>]\n        expected_menu = [('Все', '', \"[class='tab-all active']\"), ('Бестселлеры', '/?products_group=best_sellers', \"[class='tab-best_sellers '... '/?products_group=new', \"[class='tab-new ']\"), ('Распродажа товаров', '/?products_group=sale', \"[class='tab-sale ']\")]\n        item       = ('Распродажа товаров', '/?products_group=sale', \"[class='tab-sale ']\")\n        menu_element = \"[class='catalog-toolbar-tabs__content'] a\"\n..\\..\\..\\AppData\\Local\\Programs\\Python\\Python312\\Lib\\site-packages\\selenium\\webdriver\\remote\\webelement.py:94: in click\n    self._execute(Command.CLICK_ELEMENT)\n        self       = <selenium.webdriver.remote.webelement.WebElement (session=\"af3b1f55c992cbebf796fd0d732ea9d1\", element=\"f.A37FE6621EC555D26066C3453934A796.d.0F00AC18D9D92BDBCD42DB7B83E04E98.e.173\")>\n..\\..\\..\\AppData\\Local\\Programs\\Python\\Python312\\Lib\\site-packages\\selenium\\webdriver\\remote\\webelement.py:395: in _execute\n    return self._parent.execute(command, params)\n        command    = 'clickElement'\n        params     = {'id': 'f.A37FE6621EC555D26066C3453934A796.d.0F00AC18D9D92BDBCD42DB7B83E04E98.e.173'}\n        self       = <selenium.webdriver.remote.webelement.WebElement (session=\"af3b1f55c992cbebf796fd0d732ea9d1\", element=\"f.A37FE6621EC555D26066C3453934A796.d.0F00AC18D9D92BDBCD42DB7B83E04E98.e.173\")>\n..\\..\\..\\AppData\\Local\\Programs\\Python\\Python312\\Lib\\site-packages\\selenium\\webdriver\\remote\\webdriver.py:347: in execute\n    self.error_handler.check_response(response)\n        driver_command = 'clickElement'\n        params     = {}\n        response   = {'status': 400, 'value': '{\"value\":{\"error\":\"element click intercepted\",\"message\":\"element click intercepted: Element ...07FF68C5E18C4]\\\\n\\\\tBaseThreadInitThunk [0x00007FFAC67C257D+29]\\\\n\\\\tRtlUserThreadStart [0x00007FFAC6BCAA48+40]\\\\n\"}}'}\n        self       = <selenium.webdriver.chrome.webdriver.WebDriver (session=\"af3b1f55c992cbebf796fd0d732ea9d1\")>\n..\\..\\..\\AppData\\Local\\Programs\\Python\\Python312\\Lib\\site-packages\\selenium\\webdriver\\remote\\errorhandler.py:229: in check_response\n    raise exception_class(message, screen, stacktrace)\nE   selenium.common.exceptions.ElementClickInterceptedException: Message: element click intercepted: Element <a href=\"https://testqastudio.me?products_group=sale\" class=\"tab-sale \">...</a> is not clickable at point (1660, 748). Other element would receive the click: <div class=\"catalog-toolbar-tabs__content\">...</div>\nE     (Session info: chrome=124.0.6367.207)\nE   Stacktrace:\nE   \tGetHandleVerifier [0x00007FF68C671522+60802]\nE   \t(No symbol) [0x00007FF68C5EAC22]\nE   \t(No symbol) [0x00007FF68C4A7CE4]\nE   \t(No symbol) [0x00007FF68C4FE877]\nE   \t(No symbol) [0x00007FF68C4FC344]\nE   \t(No symbol) [0x00007FF68C4F980A]\nE   \t(No symbol) [0x00007FF68C4F89E2]\nE   \t(No symbol) [0x00007FF68C4EAE8B]\nE   \t(No symbol) [0x00007FF68C51AB7A]\nE   \t(No symbol) [0x00007FF68C4EA7C6]\nE   \t(No symbol) [0x00007FF68C51AD90]\nE   \t(No symbol) [0x00007FF68C53A224]\nE   \t(No symbol) [0x00007FF68C51A923]\nE   \t(No symbol) [0x00007FF68C4E8FEC]\nE   \t(No symbol) [0x00007FF68C4E9C21]\nE   \tGetHandleVerifier [0x00007FF68C9741BD+3217949]\nE   \tGetHandleVerifier [0x00007FF68C9B6157+3488183]\nE   \tGetHandleVerifier [0x00007FF68C9AF0DF+3459391]\nE   \tGetHandleVerifier [0x00007FF68C72B8E6+823622]\nE   \t(No symbol) [0x00007FF68C5F5FBF]\nE   \t(No symbol) [0x00007FF68C5F0EE4]\nE   \t(No symbol) [0x00007FF68C5F1072]\nE   \t(No symbol) [0x00007FF68C5E18C4]\nE   \tBaseThreadInitThunk [0x00007FFAC67C257D+29]\nE   \tRtlUserThreadStart [0x00007FFAC6BCAA48+40]\n        e          = <selenium.webdriver.remote.errorhandler.ErrorCode object at 0x0000019280A6DA90>\n        error_code = 'ELEMENT_CLICK_INTERCEPTED'\n        error_codes = ['ELEMENT_CLICK_INTERCEPTED', 'ELEMENT_IS_NOT_SELECTABLE', 'ELEMENT_NOT_INTERACTABLE', 'ELEMENT_NOT_VISIBLE', 'IME_ENGINE_ACTIVATION_FAILED', 'IME_NOT_AVAILABLE', ...]\n        error_info = [64, 'element click intercepted']\n        exception_class = <class 'selenium.common.exceptions.ElementClickInterceptedException'>\n        json       = <module 'json' from 'C:\\\\Users\\\\ad\\\\AppData\\\\Local\\\\Programs\\\\Python\\\\Python312\\\\Lib\\\\json\\\\__init__.py'>\n        message    = 'element click intercepted: Element <a href=\"https://testqastudio.me?products_group=sale\" class=\"tab-sale \">...</a> is...would receive the click: <div class=\"catalog-toolbar-tabs__content\">...</div>\\n  (Session info: chrome=124.0.6367.207)'\n        response   = {'status': 400, 'value': '{\"value\":{\"error\":\"element click intercepted\",\"message\":\"element click intercepted: Element ...07FF68C5E18C4]\\\\n\\\\tBaseThreadInitThunk [0x00007FFAC67C257D+29]\\\\n\\\\tRtlUserThreadStart [0x00007FFAC6BCAA48+40]\\\\n\"}}'}\n        screen     = None\n        self       = <selenium.webdriver.remote.errorhandler.ErrorHandler object at 0x0000019282F17140>\n        st_value   = '\\tGetHandleVerifier [0x00007FF68C671522+60802]\\n\\t(No symbol) [0x00007FF68C5EAC22]\\n\\t(No symbol) [0x00007FF68C4A7CE4...l) [0x00007FF68C5E18C4]\\n\\tBaseThreadInitThunk [0x00007FFAC67C257D+29]\\n\\tRtlUserThreadStart [0x00007FFAC6BCAA48+40]\\n'\n        stacktrace = ['\\tGetHandleVerifier [0x00007FF68C671522+60802]', '\\t(No symbol) [0x00007FF68C5EAC22]', '\\t(No symbol) [0x00007FF68C4... '\\t(No symbol) [0x00007FF68C4FE877]', '\\t(No symbol) [0x00007FF68C4FC344]', '\\t(No symbol) [0x00007FF68C4F980A]', ...]\n        status     = 'element click intercepted'\n        value      = {'error': 'element click intercepted', 'message': 'element click intercepted: Element <a href=\"https://testqastudio.me...) [0x00007FF68C5E18C4]\\n\\tBaseThreadInitThunk [0x00007FFAC67C257D+29]\\n\\tRtlUserThreadStart [0x00007FFAC6BCAA48+40]\\n'}\n        value_json = '{\"value\":{\"error\":\"element click intercepted\",\"message\":\"element click intercepted: Element \\\\u003Ca href=\\\\\"https://...007FF68C5E18C4]\\\\n\\\\tBaseThreadInitThunk [0x00007FFAC67C257D+29]\\\\n\\\\tRtlUserThreadStart [0x00007FFAC6BCAA48+40]\\\\n\"}}'"}, "description": "\n    Test case TC-2\n    ", "start": 1715875757439, "stop": 1715875762640, "uuid": "c43b7c6f-5df8-4e02-b40d-3990d5630fd6", "historyId": "4fdd6adba16e950b161eae73ef4ccb14", "testCaseId": "4fdd6adba16e950b161eae73ef4ccb14", "fullName": "tests.test_shop#test_products_group", "labels": [{"name": "tag", "value": "@pytest.mark.xfail(reason='Wait for fix bug')"}, {"name": "parentSuite", "value": "tests"}, {"name": "suite", "value": "test_shop"}, {"name": "host", "value": "DESKTOP-6182R50"}, {"name": "thread", "value": "9296-MainThread"}, {"name": "framework", "value": "pytest"}, {"name": "language", "value": "cpython3"}, {"name": "package", "value": "tests.test_shop"}]}