{"name": "test_products_group", "status": "skipped", "statusDetails": {"message": "XFAIL Wait for fix bug\n\nselenium.common.exceptions.NoSuchElementException: Message: no such element: Unable to locate element: {\"method\":\"css selector\",\"selector\":\"[class='tab-all active ']\"}\n  (Session info: chrome=124.0.6367.207); For documentation on this error, please visit: https://www.selenium.dev/documentation/webdriver/troubleshooting/errors#no-such-element-exception\nStacktrace:\n\tGetHandleVerifier [0x00007FF68C671522+60802]\n\t(No symbol) [0x00007FF68C5EAC22]\n\t(No symbol) [0x00007FF68C4A7CE4]\n\t(No symbol) [0x00007FF68C4F6D4D]\n\t(No symbol) [0x00007FF68C4F6E1C]\n\t(No symbol) [0x00007FF68C53CE37]\n\t(No symbol) [0x00007FF68C51ABBF]\n\t(No symbol) [0x00007FF68C53A224]\n\t(No symbol) [0x00007FF68C51A923]\n\t(No symbol) [0x00007FF68C4E8FEC]\n\t(No symbol) [0x00007FF68C4E9C21]\n\tGetHandleVerifier [0x00007FF68C9741BD+3217949]\n\tGetHandleVerifier [0x00007FF68C9B6157+3488183]\n\tGetHandleVerifier [0x00007FF68C9AF0DF+3459391]\n\tGetHandleVerifier [0x00007FF68C72B8E6+823622]\n\t(No symbol) [0x00007FF68C5F5FBF]\n\t(No symbol) [0x00007FF68C5F0EE4]\n\t(No symbol) [0x00007FF68C5F1072]\n\t(No symbol) [0x00007FF68C5E18C4]\n\tBaseThreadInitThunk [0x00007FFAC67C257D+29]\n\tRtlUserThreadStart [0x00007FFAC6BCAA48+40]", "trace": "tests\\test_shop.py:47: in test_products_group\n    element = browser.find_element(by=By.CSS_SELECTOR, value=item[2])\n        browser    = <selenium.webdriver.chrome.webdriver.WebDriver (session=\"ebadf27e5dde413e1f51f5fe04a55c0b\")>\n        elements   = [<selenium.webdriver.remote.webelement.WebElement (session=\"ebadf27e5dde413e1f51f5fe04a55c0b\", element=\"f.D9C7D79B2314...df27e5dde413e1f51f5fe04a55c0b\", element=\"f.D9C7D79B231408C8DCAFC8E5E3461758.d.1F2B1D0084CFE19A65EDD1F2560487E9.e.94\")>]\n        expected_menu = [('Все', '', \"[class='tab-all active ']\"), ('Бестселлеры', '/?products_group=best_sellers', \"[class='tab-best_sellers ... '/?products_group=new', \"[class='tab-new ']\"), ('Распродажа товаров', '/?products_group=sale', \"[class='tab-sale ']\")]\n        item       = ('Все', '', \"[class='tab-all active ']\")\n        menu_element = \"[class='catalog-toolbar-tabs__content'] a\"\n..\\..\\..\\AppData\\Local\\Programs\\Python\\Python312\\Lib\\site-packages\\selenium\\webdriver\\remote\\webdriver.py:741: in find_element\n    return self.execute(Command.FIND_ELEMENT, {\"using\": by, \"value\": value})[\"value\"]\n        by         = 'css selector'\n        self       = <selenium.webdriver.chrome.webdriver.WebDriver (session=\"ebadf27e5dde413e1f51f5fe04a55c0b\")>\n        value      = \"[class='tab-all active ']\"\n..\\..\\..\\AppData\\Local\\Programs\\Python\\Python312\\Lib\\site-packages\\selenium\\webdriver\\remote\\webdriver.py:347: in execute\n    self.error_handler.check_response(response)\n        driver_command = 'findElement'\n        params     = {'using': 'css selector', 'value': \"[class='tab-all active ']\"}\n        response   = {'status': 404, 'value': '{\"value\":{\"error\":\"no such element\",\"message\":\"no such element: Unable to locate element: {\\...07FF68C5E18C4]\\\\n\\\\tBaseThreadInitThunk [0x00007FFAC67C257D+29]\\\\n\\\\tRtlUserThreadStart [0x00007FFAC6BCAA48+40]\\\\n\"}}'}\n        self       = <selenium.webdriver.chrome.webdriver.WebDriver (session=\"ebadf27e5dde413e1f51f5fe04a55c0b\")>\n..\\..\\..\\AppData\\Local\\Programs\\Python\\Python312\\Lib\\site-packages\\selenium\\webdriver\\remote\\errorhandler.py:229: in check_response\n    raise exception_class(message, screen, stacktrace)\nE   selenium.common.exceptions.NoSuchElementException: Message: no such element: Unable to locate element: {\"method\":\"css selector\",\"selector\":\"[class='tab-all active ']\"}\nE     (Session info: chrome=124.0.6367.207); For documentation on this error, please visit: https://www.selenium.dev/documentation/webdriver/troubleshooting/errors#no-such-element-exception\nE   Stacktrace:\nE   \tGetHandleVerifier [0x00007FF68C671522+60802]\nE   \t(No symbol) [0x00007FF68C5EAC22]\nE   \t(No symbol) [0x00007FF68C4A7CE4]\nE   \t(No symbol) [0x00007FF68C4F6D4D]\nE   \t(No symbol) [0x00007FF68C4F6E1C]\nE   \t(No symbol) [0x00007FF68C53CE37]\nE   \t(No symbol) [0x00007FF68C51ABBF]\nE   \t(No symbol) [0x00007FF68C53A224]\nE   \t(No symbol) [0x00007FF68C51A923]\nE   \t(No symbol) [0x00007FF68C4E8FEC]\nE   \t(No symbol) [0x00007FF68C4E9C21]\nE   \tGetHandleVerifier [0x00007FF68C9741BD+3217949]\nE   \tGetHandleVerifier [0x00007FF68C9B6157+3488183]\nE   \tGetHandleVerifier [0x00007FF68C9AF0DF+3459391]\nE   \tGetHandleVerifier [0x00007FF68C72B8E6+823622]\nE   \t(No symbol) [0x00007FF68C5F5FBF]\nE   \t(No symbol) [0x00007FF68C5F0EE4]\nE   \t(No symbol) [0x00007FF68C5F1072]\nE   \t(No symbol) [0x00007FF68C5E18C4]\nE   \tBaseThreadInitThunk [0x00007FFAC67C257D+29]\nE   \tRtlUserThreadStart [0x00007FFAC6BCAA48+40]\n        e          = <selenium.webdriver.remote.errorhandler.ErrorCode object at 0x00000166C2D47320>\n        error_code = 'NO_SUCH_ELEMENT'\n        error_codes = ['ELEMENT_CLICK_INTERCEPTED', 'ELEMENT_IS_NOT_SELECTABLE', 'ELEMENT_NOT_INTERACTABLE', 'ELEMENT_NOT_VISIBLE', 'IME_ENGINE_ACTIVATION_FAILED', 'IME_NOT_AVAILABLE', ...]\n        error_info = [7, 'no such element']\n        exception_class = <class 'selenium.common.exceptions.NoSuchElementException'>\n        json       = <module 'json' from 'C:\\\\Users\\\\ad\\\\AppData\\\\Local\\\\Programs\\\\Python\\\\Python312\\\\Lib\\\\json\\\\__init__.py'>\n        message    = 'no such element: Unable to locate element: {\"method\":\"css selector\",\"selector\":\"[class=\\'tab-all active \\']\"}\\n  (Session info: chrome=124.0.6367.207)'\n        response   = {'status': 404, 'value': '{\"value\":{\"error\":\"no such element\",\"message\":\"no such element: Unable to locate element: {\\...07FF68C5E18C4]\\\\n\\\\tBaseThreadInitThunk [0x00007FFAC67C257D+29]\\\\n\\\\tRtlUserThreadStart [0x00007FFAC6BCAA48+40]\\\\n\"}}'}\n        screen     = None\n        self       = <selenium.webdriver.remote.errorhandler.ErrorHandler object at 0x00000166C2D8DEE0>\n        st_value   = '\\tGetHandleVerifier [0x00007FF68C671522+60802]\\n\\t(No symbol) [0x00007FF68C5EAC22]\\n\\t(No symbol) [0x00007FF68C4A7CE4...l) [0x00007FF68C5E18C4]\\n\\tBaseThreadInitThunk [0x00007FFAC67C257D+29]\\n\\tRtlUserThreadStart [0x00007FFAC6BCAA48+40]\\n'\n        stacktrace = ['\\tGetHandleVerifier [0x00007FF68C671522+60802]', '\\t(No symbol) [0x00007FF68C5EAC22]', '\\t(No symbol) [0x00007FF68C4... '\\t(No symbol) [0x00007FF68C4F6D4D]', '\\t(No symbol) [0x00007FF68C4F6E1C]', '\\t(No symbol) [0x00007FF68C53CE37]', ...]\n        status     = 'no such element'\n        value      = {'error': 'no such element', 'message': 'no such element: Unable to locate element: {\"method\":\"css selector\",\"selector...) [0x00007FF68C5E18C4]\\n\\tBaseThreadInitThunk [0x00007FFAC67C257D+29]\\n\\tRtlUserThreadStart [0x00007FFAC6BCAA48+40]\\n'}\n        value_json = '{\"value\":{\"error\":\"no such element\",\"message\":\"no such element: Unable to locate element: {\\\\\"method\\\\\":\\\\\"css select...007FF68C5E18C4]\\\\n\\\\tBaseThreadInitThunk [0x00007FFAC67C257D+29]\\\\n\\\\tRtlUserThreadStart [0x00007FFAC6BCAA48+40]\\\\n\"}}'"}, "description": "\n    Test case TC-2\n    ", "start": 1716134861336, "stop": 1716134862203, "uuid": "5e878d17-e370-4b61-bfac-098e413a2985", "historyId": "4fdd6adba16e950b161eae73ef4ccb14", "testCaseId": "4fdd6adba16e950b161eae73ef4ccb14", "fullName": "tests.test_shop#test_products_group", "labels": [{"name": "tag", "value": "@pytest.mark.xfail(reason='Wait for fix bug')"}, {"name": "parentSuite", "value": "tests"}, {"name": "suite", "value": "test_shop"}, {"name": "host", "value": "DESKTOP-6182R50"}, {"name": "thread", "value": "16668-MainThread"}, {"name": "framework", "value": "pytest"}, {"name": "language", "value": "cpython3"}, {"name": "package", "value": "tests.test_shop"}]}